This file contains any messages produced by compilers while
running configure, to aid debugging if configure makes a mistake.

It was created by libupnp configure 1.6.19, which was
generated by GNU Autoconf 2.69.  Invocation command line was

  $ ./configure 

## --------- ##
## Platform. ##
## --------- ##

hostname = edison
uname -m = i686
uname -r = 3.10.17-poky-edison+
uname -s = Linux
uname -v = #1 SMP PREEMPT Fri Jun 19 12:06:40 CEST 2015

/usr/bin/uname -p = unknown
/bin/uname -X     = unknown

/bin/arch              = unknown
/usr/bin/arch -k       = unknown
/usr/convex/getsysinfo = unknown
/usr/bin/hostinfo      = unknown
/bin/machine           = unknown
/usr/bin/oslevel       = unknown
/bin/universe          = unknown

PATH: /usr/local/bin
PATH: /usr/bin
PATH: /bin
PATH: /usr/local/sbin
PATH: /usr/sbin
PATH: /sbin


## ----------- ##
## Core tests. ##
## ----------- ##

configure:2383: checking for a BSD-compatible install
configure:2451: result: build-aux/install-sh -c
configure:2462: checking whether build environment is sane
configure:2517: result: yes
configure:2668: checking for a thread-safe mkdir -p
configure:2707: result: build-aux/install-sh -c -d
configure:2714: checking for gawk
configure:2730: found /usr/bin/gawk
configure:2741: result: gawk
configure:2752: checking whether make sets $(MAKE)
configure:2774: result: yes
configure:2864: checking build system type
configure:2878: result: i686-pc-linux-gnu
configure:2898: checking host system type
configure:2911: result: i686-pc-linux-gnu
configure:2978: checking for --enable-debug
configure:2986: result: no
configure:3018: checking for --enable-client
configure:3026: result: yes
configure:3045: checking for --enable-device
configure:3053: result: yes
configure:3075: checking for --enable-webserver
configure:3083: result: yes
configure:3110: checking for --enable-ssdp
configure:3118: result: yes
configure:3136: checking for --enable-optssdp
configure:3144: result: yes
configure:3163: checking for --enable-soap
configure:3171: result: yes
configure:3189: checking for --enable-gena
configure:3197: result: yes
configure:3225: checking for --enable-tools
configure:3233: result: yes
configure:3251: checking for --enable-ipv6
configure:3259: result: no
configure:3277: checking for --enable-unspecified_server
configure:3285: result: no
configure:3303: checking for --enable-notification_reordering
configure:3311: result: yes
configure:3329: checking for --enable-blocking_tcp_connections
configure:3337: result: yes
configure:3356: checking for --enable-samples
configure:3364: result: yes
configure:3385: checking for documentation directory
configure:3411: result: ${datarootdir}/doc/libupnp-1.6.19
configure:3466: checking for gcc
configure:3482: found /usr/bin/gcc
configure:3493: result: gcc
configure:3722: checking for C compiler version
configure:3731: gcc --version >&5
gcc (GCC) 4.9.1
Copyright (C) 2014 Free Software Foundation, Inc.
This is free software; see the source for copying conditions.  There is NO
warranty; not even for MERCHANTABILITY or FITNESS FOR A PARTICULAR PURPOSE.

configure:3742: $? = 0
configure:3731: gcc -v >&5
Using built-in specs.
COLLECT_GCC=gcc
COLLECT_LTO_WRAPPER=/usr/lib/gcc/gcc/i586-poky-linux/4.9.1/lto-wrapper
Target: i586-poky-linux
Configured with: /data/jenkins_worker/workspace/edison-weekly/out/linux64/build/tmp/work-shared/gcc-4.9.1-r0/gcc-4.9.1/configure --build=x86_64-linux --host=i586-poky-linux --target=i586-poky-linux --prefix=/usr --exec_prefix=/usr --bindir=/usr/bin --sbindir=/usr/sbin --libexecdir=/usr/lib/gcc --datadir=/usr/share --sysconfdir=/etc --sharedstatedir=/com --localstatedir=/var --libdir=/usr/lib --includedir=/usr/include --oldincludedir=/usr/include --infodir=/usr/share/info --mandir=/usr/share/man --disable-silent-rules --disable-dependency-tracking --with-libtool-sysroot=/data/jenkins_worker/workspace/edison-weekly/out/linux64/build/tmp/sysroots/edison --with-gnu-ld --enable-shared --enable-languages=c,c++ --enable-threads=posix --enable-multilib --enable-c99 --enable-long-long --enable-symvers=gnu --enable-libstdcxx-pch --program-prefix=i586-poky-linux- --without-local-prefix --enable-target-optspace --enable-lto --enable-libssp --disable-bootstrap --disable-libmudflap --with-system-zlib --with-linker-hash-style=gnu --enable-linker-build-id --with-ppl=no --with-cloog=no --enable-checking=release --enable-cheaders=c_global --with-sysroot=/ --with-build-sysroot=/data/jenkins_worker/workspace/edison-weekly/out/linux64/build/tmp/sysroots/edison --with-native-system-header-dir=/data/jenkins_worker/workspace/edison-weekly/out/linux64/build/tmp/sysroots/edison/usr/include --with-gxx-include-dir=/usr/include/c++/4.9.1 --enable-nls --enable-__cxa_atexit
Thread model: posix
gcc version 4.9.1 (GCC) 
configure:3742: $? = 0
configure:3731: gcc -V >&5
gcc: error: unrecognized command line option '-V'
gcc: fatal error: no input files
compilation terminated.
configure:3742: $? = 1
configure:3731: gcc -qversion >&5
gcc: error: unrecognized command line option '-qversion'
gcc: fatal error: no input files
compilation terminated.
configure:3742: $? = 1
configure:3762: checking whether the C compiler works
configure:3784: gcc    conftest.c  >&5
configure:3788: $? = 0
configure:3836: result: yes
configure:3839: checking for C compiler default output file name
configure:3841: result: a.out
configure:3847: checking for suffix of executables
configure:3854: gcc -o conftest    conftest.c  >&5
configure:3858: $? = 0
configure:3880: result: 
configure:3902: checking whether we are cross compiling
configure:3910: gcc -o conftest    conftest.c  >&5
configure:3914: $? = 0
configure:3921: ./conftest
configure:3925: $? = 0
configure:3940: result: no
configure:3945: checking for suffix of object files
configure:3967: gcc -c   conftest.c >&5
configure:3971: $? = 0
configure:3992: result: o
configure:3996: checking whether we are using the GNU C compiler
configure:4015: gcc -c   conftest.c >&5
configure:4015: $? = 0
configure:4024: result: yes
configure:4033: checking whether gcc accepts -g
configure:4053: gcc -c -g  conftest.c >&5
configure:4053: $? = 0
configure:4094: result: yes
configure:4111: checking for gcc option to accept ISO C89
configure:4174: gcc  -c -g -O2  conftest.c >&5
configure:4174: $? = 0
configure:4187: result: none needed
configure:4218: checking for style of include used by make
configure:4246: result: GNU
configure:4272: checking dependency style of gcc
configure:4383: result: gcc3
configure:4399: checking whether gcc and cc understand -c and -o together
configure:4430: gcc -c conftest.c -o conftest2.o >&5
configure:4434: $? = 0
configure:4440: gcc -c conftest.c -o conftest2.o >&5
configure:4444: $? = 0
configure:4455: cc -c conftest.c >&5
configure:4459: $? = 0
configure:4467: cc -c conftest.c -o conftest2.o >&5
configure:4471: $? = 0
configure:4477: cc -c conftest.c -o conftest2.o >&5
configure:4481: $? = 0
configure:4499: result: yes
configure:4574: checking for ar
configure:4590: found /usr/bin/ar
configure:4601: result: ar
configure:4627: checking the archiver (ar) interface
configure:4637: gcc -c -g -O2  conftest.c >&5
configure:4637: $? = 0
configure:4639: ar cru libconftest.a conftest.o >&5
configure:4642: $? = 0
configure:4665: result: ar
configure:4731: checking how to print strings
configure:4758: result: printf
configure:4779: checking for a sed that does not truncate output
configure:4843: result: /bin/sed
configure:4861: checking for grep that handles long lines and -e
configure:4919: result: /bin/grep
configure:4924: checking for egrep
configure:4986: result: /bin/grep -E
configure:4991: checking for fgrep
configure:5053: result: /bin/grep -F
configure:5088: checking for ld used by gcc
configure:5155: result: /usr/i586-poky-linux/bin/ld
configure:5162: checking if the linker (/usr/i586-poky-linux/bin/ld) is GNU ld
configure:5177: result: yes
configure:5189: checking for BSD- or MS-compatible name lister (nm)
configure:5238: result: /usr/bin/nm -B
configure:5368: checking the name lister (/usr/bin/nm -B) interface
configure:5375: gcc -c -g -O2  conftest.c >&5
configure:5378: /usr/bin/nm -B "conftest.o"
configure:5381: output
00000000 B some_variable
configure:5388: result: BSD nm
configure:5391: checking whether ln -s works
configure:5395: result: yes
configure:5403: checking the maximum length of command line arguments
configure:5533: result: 32768
configure:5550: checking whether the shell understands some XSI constructs
configure:5560: result: yes
configure:5564: checking whether the shell understands "+="
configure:5570: result: yes
configure:5605: checking how to convert i686-pc-linux-gnu file names to i686-pc-linux-gnu format
configure:5645: result: func_convert_file_noop
configure:5652: checking how to convert i686-pc-linux-gnu file names to toolchain format
configure:5672: result: func_convert_file_noop
configure:5679: checking for /usr/i586-poky-linux/bin/ld option to reload object files
configure:5686: result: -r
configure:5760: checking for objdump
configure:5776: found /usr/bin/objdump
configure:5787: result: objdump
configure:5819: checking how to recognize dependent libraries
configure:6021: result: pass_all
configure:6106: checking for dlltool
configure:6136: result: no
configure:6166: checking how to associate runtime and link libraries
configure:6193: result: printf %s\n
configure:6317: checking for archiver @FILE support
configure:6334: gcc -c -g -O2  conftest.c >&5
configure:6334: $? = 0
configure:6337: ar cru libconftest.a @conftest.lst >&5
configure:6340: $? = 0
configure:6345: ar cru libconftest.a @conftest.lst >&5
ar: conftest.o: No such file or directory
configure:6348: $? = 1
configure:6360: result: @
configure:6418: checking for strip
configure:6434: found /usr/bin/strip
configure:6445: result: strip
configure:6517: checking for ranlib
configure:6533: found /usr/bin/ranlib
configure:6544: result: ranlib
configure:6646: checking command to parse /usr/bin/nm -B output from gcc object
configure:6766: gcc -c -g -O2  conftest.c >&5
configure:6769: $? = 0
configure:6773: /usr/bin/nm -B conftest.o \| sed -n -e 's/^.*[ ]\([ABCDGIRSTW][ABCDGIRSTW]*\)[ ][ ]*\([_A-Za-z][_A-Za-z0-9]*\)$/\1 \2 \2/p' | sed '/ __gnu_lto/d' \> conftest.nm
configure:6776: $? = 0
configure:6842: gcc -o conftest -g -O2   conftest.c conftstm.o >&5
configure:6845: $? = 0
configure:6883: result: ok
configure:6920: checking for sysroot
configure:6950: result: no
configure:7206: checking for mt
configure:7236: result: no
configure:7256: checking if : is a manifest tool
configure:7262: : '-?'
configure:7270: result: no
configure:7912: checking how to run the C preprocessor
configure:7943: gcc -E  conftest.c
configure:7943: $? = 0
configure:7957: gcc -E  conftest.c
conftest.c:27:28: fatal error: ac_nonexistent.h: No such file or directory
 #include <ac_nonexistent.h>
                            ^
compilation terminated.
configure:7957: $? = 1
configure: failed program was:
| /* confdefs.h */
| #define PACKAGE_NAME "libupnp"
| #define PACKAGE_TARNAME "libupnp"
| #define PACKAGE_VERSION "1.6.19"
| #define PACKAGE_STRING "libupnp 1.6.19"
| #define PACKAGE_BUGREPORT "mroberto@users.sourceforge.net"
| #define PACKAGE_URL ""
| #define PACKAGE "libupnp"
| #define VERSION "1.6.19"
| #define UPNP_VERSION_STRING "1.6.19"
| #define UPNP_VERSION_MAJOR 1
| #define UPNP_VERSION_MINOR 6
| #define UPNP_VERSION_PATCH 19
| #define NO_DEBUG 1
| #define NDEBUG 1
| #define UPNP_HAVE_CLIENT 1
| #define UPNP_HAVE_DEVICE 1
| #define UPNP_HAVE_WEBSERVER 1
| #define UPNP_HAVE_SSDP 1
| #define UPNP_HAVE_OPTSSDP 1
| #define UPNP_HAVE_SOAP 1
| #define UPNP_HAVE_GENA 1
| #define UPNP_HAVE_TOOLS 1
| #define UPNP_ENABLE_NOTIFICATION_REORDERING 1
| #define UPNP_ENABLE_BLOCKING_TCP_CONNECTIONS 1
| /* end confdefs.h.  */
| #include <ac_nonexistent.h>
configure:7982: result: gcc -E
configure:8002: gcc -E  conftest.c
configure:8002: $? = 0
configure:8016: gcc -E  conftest.c
conftest.c:27:28: fatal error: ac_nonexistent.h: No such file or directory
 #include <ac_nonexistent.h>
                            ^
compilation terminated.
configure:8016: $? = 1
configure: failed program was:
| /* confdefs.h */
| #define PACKAGE_NAME "libupnp"
| #define PACKAGE_TARNAME "libupnp"
| #define PACKAGE_VERSION "1.6.19"
| #define PACKAGE_STRING "libupnp 1.6.19"
| #define PACKAGE_BUGREPORT "mroberto@users.sourceforge.net"
| #define PACKAGE_URL ""
| #define PACKAGE "libupnp"
| #define VERSION "1.6.19"
| #define UPNP_VERSION_STRING "1.6.19"
| #define UPNP_VERSION_MAJOR 1
| #define UPNP_VERSION_MINOR 6
| #define UPNP_VERSION_PATCH 19
| #define NO_DEBUG 1
| #define NDEBUG 1
| #define UPNP_HAVE_CLIENT 1
| #define UPNP_HAVE_DEVICE 1
| #define UPNP_HAVE_WEBSERVER 1
| #define UPNP_HAVE_SSDP 1
| #define UPNP_HAVE_OPTSSDP 1
| #define UPNP_HAVE_SOAP 1
| #define UPNP_HAVE_GENA 1
| #define UPNP_HAVE_TOOLS 1
| #define UPNP_ENABLE_NOTIFICATION_REORDERING 1
| #define UPNP_ENABLE_BLOCKING_TCP_CONNECTIONS 1
| /* end confdefs.h.  */
| #include <ac_nonexistent.h>
configure:8045: checking for ANSI C header files
configure:8065: gcc -c -g -O2  conftest.c >&5
configure:8065: $? = 0
configure:8138: gcc -o conftest -g -O2   conftest.c  >&5
configure:8138: $? = 0
configure:8138: ./conftest
configure:8138: $? = 0
configure:8149: result: yes
configure:8162: checking for sys/types.h
configure:8162: gcc -c -g -O2  conftest.c >&5
configure:8162: $? = 0
configure:8162: result: yes
configure:8162: checking for sys/stat.h
configure:8162: gcc -c -g -O2  conftest.c >&5
configure:8162: $? = 0
configure:8162: result: yes
configure:8162: checking for stdlib.h
configure:8162: gcc -c -g -O2  conftest.c >&5
configure:8162: $? = 0
configure:8162: result: yes
configure:8162: checking for string.h
configure:8162: gcc -c -g -O2  conftest.c >&5
configure:8162: $? = 0
configure:8162: result: yes
configure:8162: checking for memory.h
configure:8162: gcc -c -g -O2  conftest.c >&5
configure:8162: $? = 0
configure:8162: result: yes
configure:8162: checking for strings.h
configure:8162: gcc -c -g -O2  conftest.c >&5
configure:8162: $? = 0
configure:8162: result: yes
configure:8162: checking for inttypes.h
configure:8162: gcc -c -g -O2  conftest.c >&5
configure:8162: $? = 0
configure:8162: result: yes
configure:8162: checking for stdint.h
configure:8162: gcc -c -g -O2  conftest.c >&5
configure:8162: $? = 0
configure:8162: result: yes
configure:8162: checking for unistd.h
configure:8162: gcc -c -g -O2  conftest.c >&5
configure:8162: $? = 0
configure:8162: result: yes
configure:8176: checking for dlfcn.h
configure:8176: gcc -c -g -O2  conftest.c >&5
configure:8176: $? = 0
configure:8176: result: yes
configure:8382: checking for objdir
configure:8397: result: .libs
configure:8668: checking if gcc supports -fno-rtti -fno-exceptions
configure:8686: gcc -c -g -O2  -fno-rtti -fno-exceptions conftest.c >&5
cc1: warning: command line option '-fno-rtti' is valid for C++/ObjC++ but not for C
configure:8690: $? = 0
configure:8703: result: no
configure:9030: checking for gcc option to produce PIC
configure:9037: result: -fPIC -DPIC
configure:9045: checking if gcc PIC flag -fPIC -DPIC works
configure:9063: gcc -c -g -O2  -fPIC -DPIC -DPIC conftest.c >&5
configure:9067: $? = 0
configure:9080: result: yes
configure:9109: checking if gcc static flag -static works
configure:9137: result: no
configure:9152: checking if gcc supports -c -o file.o
configure:9173: gcc -c -g -O2  -o out/conftest2.o conftest.c >&5
configure:9177: $? = 0
configure:9199: result: yes
configure:9207: checking if gcc supports -c -o file.o
configure:9254: result: yes
configure:9287: checking whether the gcc linker (/usr/i586-poky-linux/bin/ld) supports shared libraries
configure:10440: result: yes
configure:10477: checking whether -lc should be explicitly linked in
configure:10485: gcc -c -g -O2  conftest.c >&5
configure:10488: $? = 0
configure:10503: gcc -shared  -fPIC -DPIC conftest.o  -v -Wl,-soname -Wl,conftest -o conftest 2\>\&1 \| /bin/grep  -lc  \>/dev/null 2\>\&1
configure:10506: $? = 0
configure:10520: result: no
configure:10680: checking dynamic linker characteristics
configure:11191: gcc -o conftest -g -O2   -Wl,-rpath -Wl,/foo conftest.c  >&5
configure:11191: $? = 0
configure:11413: result: GNU/Linux ld.so
configure:11520: checking how to hardcode library paths into programs
configure:11545: result: immediate
configure:12085: checking whether stripping libraries is possible
configure:12090: result: yes
configure:12125: checking if libtool supports shared libraries
configure:12127: result: yes
configure:12130: checking whether to build shared libraries
configure:12151: result: yes
configure:12154: checking whether to build static libraries
configure:12158: result: yes
configure:12196: checking whether make sets $(MAKE)
configure:12218: result: yes
configure:12227: checking for egrep
configure:12289: result: /bin/grep -E
configure:12378: checking CFLAGS for gcc -Os
configure:12405: gcc -c -g -O2 -pedantic -Werror  -Os  conftest.c >&5
configure:12405: $? = 0
configure:12419: result: -Os
configure:12431: : CFLAGS="$CFLAGS $ac_cv_cflags_gcc_option__Os"
configure:12434: $? = 0
configure:12445: checking CFLAGS for maximum warnings
configure:12472: gcc -c -g -O2 -Os -pedantic  -Wall  conftest.c >&5
configure:12472: $? = 0
configure:12486: result: -Wall
configure:12499: : CFLAGS="$CFLAGS $ac_cv_cflags_warn_all"
configure:12502: $? = 0
configure:12515: checking for size_t
configure:12515: gcc -c -g -O2 -Os -Wall  conftest.c >&5
configure:12515: $? = 0
configure:12515: gcc -c -g -O2 -Os -Wall  conftest.c >&5
conftest.c: In function 'main':
conftest.c:75:21: error: expected expression before ')' token
 if (sizeof ((size_t)))
                     ^
configure:12515: $? = 1
configure: failed program was:
| /* confdefs.h */
| #define PACKAGE_NAME "libupnp"
| #define PACKAGE_TARNAME "libupnp"
| #define PACKAGE_VERSION "1.6.19"
| #define PACKAGE_STRING "libupnp 1.6.19"
| #define PACKAGE_BUGREPORT "mroberto@users.sourceforge.net"
| #define PACKAGE_URL ""
| #define PACKAGE "libupnp"
| #define VERSION "1.6.19"
| #define UPNP_VERSION_STRING "1.6.19"
| #define UPNP_VERSION_MAJOR 1
| #define UPNP_VERSION_MINOR 6
| #define UPNP_VERSION_PATCH 19
| #define NO_DEBUG 1
| #define NDEBUG 1
| #define UPNP_HAVE_CLIENT 1
| #define UPNP_HAVE_DEVICE 1
| #define UPNP_HAVE_WEBSERVER 1
| #define UPNP_HAVE_SSDP 1
| #define UPNP_HAVE_OPTSSDP 1
| #define UPNP_HAVE_SOAP 1
| #define UPNP_HAVE_GENA 1
| #define UPNP_HAVE_TOOLS 1
| #define UPNP_ENABLE_NOTIFICATION_REORDERING 1
| #define UPNP_ENABLE_BLOCKING_TCP_CONNECTIONS 1
| #define STDC_HEADERS 1
| #define HAVE_SYS_TYPES_H 1
| #define HAVE_SYS_STAT_H 1
| #define HAVE_STDLIB_H 1
| #define HAVE_STRING_H 1
| #define HAVE_MEMORY_H 1
| #define HAVE_STRINGS_H 1
| #define HAVE_INTTYPES_H 1
| #define HAVE_STDINT_H 1
| #define HAVE_UNISTD_H 1
| #define HAVE_DLFCN_H 1
| #define LT_OBJDIR ".libs/"
| /* end confdefs.h.  */
| #include <stdio.h>
| #ifdef HAVE_SYS_TYPES_H
| # include <sys/types.h>
| #endif
| #ifdef HAVE_SYS_STAT_H
| # include <sys/stat.h>
| #endif
| #ifdef STDC_HEADERS
| # include <stdlib.h>
| # include <stddef.h>
| #else
| # ifdef HAVE_STDLIB_H
| #  include <stdlib.h>
| # endif
| #endif
| #ifdef HAVE_STRING_H
| # if !defined STDC_HEADERS && defined HAVE_MEMORY_H
| #  include <memory.h>
| # endif
| # include <string.h>
| #endif
| #ifdef HAVE_STRINGS_H
| # include <strings.h>
| #endif
| #ifdef HAVE_INTTYPES_H
| # include <inttypes.h>
| #endif
| #ifdef HAVE_STDINT_H
| # include <stdint.h>
| #endif
| #ifdef HAVE_UNISTD_H
| # include <unistd.h>
| #endif
| int
| main ()
| {
| if (sizeof ((size_t)))
| 	    return 0;
|   ;
|   return 0;
| }
configure:12515: result: yes
configure:12526: checking for off_t
configure:12526: gcc -c -g -O2 -Os -Wall  conftest.c >&5
configure:12526: $? = 0
configure:12526: gcc -c -g -O2 -Os -Wall  conftest.c >&5
conftest.c: In function 'main':
conftest.c:75:20: error: expected expression before ')' token
 if (sizeof ((off_t)))
                    ^
configure:12526: $? = 1
configure: failed program was:
| /* confdefs.h */
| #define PACKAGE_NAME "libupnp"
| #define PACKAGE_TARNAME "libupnp"
| #define PACKAGE_VERSION "1.6.19"
| #define PACKAGE_STRING "libupnp 1.6.19"
| #define PACKAGE_BUGREPORT "mroberto@users.sourceforge.net"
| #define PACKAGE_URL ""
| #define PACKAGE "libupnp"
| #define VERSION "1.6.19"
| #define UPNP_VERSION_STRING "1.6.19"
| #define UPNP_VERSION_MAJOR 1
| #define UPNP_VERSION_MINOR 6
| #define UPNP_VERSION_PATCH 19
| #define NO_DEBUG 1
| #define NDEBUG 1
| #define UPNP_HAVE_CLIENT 1
| #define UPNP_HAVE_DEVICE 1
| #define UPNP_HAVE_WEBSERVER 1
| #define UPNP_HAVE_SSDP 1
| #define UPNP_HAVE_OPTSSDP 1
| #define UPNP_HAVE_SOAP 1
| #define UPNP_HAVE_GENA 1
| #define UPNP_HAVE_TOOLS 1
| #define UPNP_ENABLE_NOTIFICATION_REORDERING 1
| #define UPNP_ENABLE_BLOCKING_TCP_CONNECTIONS 1
| #define STDC_HEADERS 1
| #define HAVE_SYS_TYPES_H 1
| #define HAVE_SYS_STAT_H 1
| #define HAVE_STDLIB_H 1
| #define HAVE_STRING_H 1
| #define HAVE_MEMORY_H 1
| #define HAVE_STRINGS_H 1
| #define HAVE_INTTYPES_H 1
| #define HAVE_STDINT_H 1
| #define HAVE_UNISTD_H 1
| #define HAVE_DLFCN_H 1
| #define LT_OBJDIR ".libs/"
| /* end confdefs.h.  */
| #include <stdio.h>
| #ifdef HAVE_SYS_TYPES_H
| # include <sys/types.h>
| #endif
| #ifdef HAVE_SYS_STAT_H
| # include <sys/stat.h>
| #endif
| #ifdef STDC_HEADERS
| # include <stdlib.h>
| # include <stddef.h>
| #else
| # ifdef HAVE_STDLIB_H
| #  include <stdlib.h>
| # endif
| #endif
| #ifdef HAVE_STRING_H
| # if !defined STDC_HEADERS && defined HAVE_MEMORY_H
| #  include <memory.h>
| # endif
| # include <string.h>
| #endif
| #ifdef HAVE_STRINGS_H
| # include <strings.h>
| #endif
| #ifdef HAVE_INTTYPES_H
| # include <inttypes.h>
| #endif
| #ifdef HAVE_STDINT_H
| # include <stdint.h>
| #endif
| #ifdef HAVE_UNISTD_H
| # include <unistd.h>
| #endif
| int
| main ()
| {
| if (sizeof ((off_t)))
| 	    return 0;
|   ;
|   return 0;
| }
configure:12526: result: yes
configure:12548: checking for Win32
configure:12565: gcc -c -g -O2 -Os -Wall  conftest.c >&5
configure:12565: $? = 0
configure:12575: result: no
configure:12583: checking for ANSI C header files
configure:12687: result: yes
configure:12715: checking arpa/inet.h usability
configure:12715: gcc -c -g -O2 -Os -Wall  conftest.c >&5
configure:12715: $? = 0
configure:12715: result: yes
configure:12715: checking arpa/inet.h presence
configure:12715: gcc -E  conftest.c
configure:12715: $? = 0
configure:12715: result: yes
configure:12715: checking for arpa/inet.h
configure:12715: result: yes
configure:12715: checking fcntl.h usability
configure:12715: gcc -c -g -O2 -Os -Wall  conftest.c >&5
configure:12715: $? = 0
configure:12715: result: yes
configure:12715: checking fcntl.h presence
configure:12715: gcc -E  conftest.c
configure:12715: $? = 0
configure:12715: result: yes
configure:12715: checking for fcntl.h
configure:12715: result: yes
configure:12715: checking for inttypes.h
configure:12715: result: yes
configure:12715: checking limits.h usability
configure:12715: gcc -c -g -O2 -Os -Wall  conftest.c >&5
configure:12715: $? = 0
configure:12715: result: yes
configure:12715: checking limits.h presence
configure:12715: gcc -E  conftest.c
configure:12715: $? = 0
configure:12715: result: yes
configure:12715: checking for limits.h
configure:12715: result: yes
configure:12715: checking netdb.h usability
configure:12715: gcc -c -g -O2 -Os -Wall  conftest.c >&5
configure:12715: $? = 0
configure:12715: result: yes
configure:12715: checking netdb.h presence
configure:12715: gcc -E  conftest.c
configure:12715: $? = 0
configure:12715: result: yes
configure:12715: checking for netdb.h
configure:12715: result: yes
configure:12715: checking netinet/in.h usability
configure:12715: gcc -c -g -O2 -Os -Wall  conftest.c >&5
configure:12715: $? = 0
configure:12715: result: yes
configure:12715: checking netinet/in.h presence
configure:12715: gcc -E  conftest.c
configure:12715: $? = 0
configure:12715: result: yes
configure:12715: checking for netinet/in.h
configure:12715: result: yes
configure:12715: checking for stdlib.h
configure:12715: result: yes
configure:12715: checking for string.h
configure:12715: result: yes
configure:12715: checking sys/ioctl.h usability
configure:12715: gcc -c -g -O2 -Os -Wall  conftest.c >&5
configure:12715: $? = 0
configure:12715: result: yes
configure:12715: checking sys/ioctl.h presence
configure:12715: gcc -E  conftest.c
configure:12715: $? = 0
configure:12715: result: yes
configure:12715: checking for sys/ioctl.h
configure:12715: result: yes
configure:12715: checking sys/socket.h usability
configure:12715: gcc -c -g -O2 -Os -Wall  conftest.c >&5
configure:12715: $? = 0
configure:12715: result: yes
configure:12715: checking sys/socket.h presence
configure:12715: gcc -E  conftest.c
configure:12715: $? = 0
configure:12715: result: yes
configure:12715: checking for sys/socket.h
configure:12715: result: yes
configure:12715: checking sys/time.h usability
configure:12715: gcc -c -g -O2 -Os -Wall  conftest.c >&5
configure:12715: $? = 0
configure:12715: result: yes
configure:12715: checking sys/time.h presence
configure:12715: gcc -E  conftest.c
configure:12715: $? = 0
configure:12715: result: yes
configure:12715: checking for sys/time.h
configure:12715: result: yes
configure:12715: checking syslog.h usability
configure:12715: gcc -c -g -O2 -Os -Wall  conftest.c >&5
configure:12715: $? = 0
configure:12715: result: yes
configure:12715: checking syslog.h presence
configure:12715: gcc -E  conftest.c
configure:12715: $? = 0
configure:12715: result: yes
configure:12715: checking for syslog.h
configure:12715: result: yes
configure:12715: checking for unistd.h
configure:12715: result: yes
configure:12733: checking for an ANSI C-conforming const
configure:12799: gcc -c -g -O2 -Os -Wall  conftest.c >&5
configure:12799: $? = 0
configure:12806: result: yes
configure:12822: checking for sys/types.h
configure:12822: result: yes
configure:12822: checking for sys/socket.h
configure:12822: result: yes
configure:12822: checking ws2tcpip.h usability
configure:12822: gcc -c -g -O2 -Os -Wall  conftest.c >&5
conftest.c:90:22: fatal error: ws2tcpip.h: No such file or directory
 #include <ws2tcpip.h>
                      ^
compilation terminated.
configure:12822: $? = 1
configure: failed program was:
| /* confdefs.h */
| #define PACKAGE_NAME "libupnp"
| #define PACKAGE_TARNAME "libupnp"
| #define PACKAGE_VERSION "1.6.19"
| #define PACKAGE_STRING "libupnp 1.6.19"
| #define PACKAGE_BUGREPORT "mroberto@users.sourceforge.net"
| #define PACKAGE_URL ""
| #define PACKAGE "libupnp"
| #define VERSION "1.6.19"
| #define UPNP_VERSION_STRING "1.6.19"
| #define UPNP_VERSION_MAJOR 1
| #define UPNP_VERSION_MINOR 6
| #define UPNP_VERSION_PATCH 19
| #define NO_DEBUG 1
| #define NDEBUG 1
| #define UPNP_HAVE_CLIENT 1
| #define UPNP_HAVE_DEVICE 1
| #define UPNP_HAVE_WEBSERVER 1
| #define UPNP_HAVE_SSDP 1
| #define UPNP_HAVE_OPTSSDP 1
| #define UPNP_HAVE_SOAP 1
| #define UPNP_HAVE_GENA 1
| #define UPNP_HAVE_TOOLS 1
| #define UPNP_ENABLE_NOTIFICATION_REORDERING 1
| #define UPNP_ENABLE_BLOCKING_TCP_CONNECTIONS 1
| #define STDC_HEADERS 1
| #define HAVE_SYS_TYPES_H 1
| #define HAVE_SYS_STAT_H 1
| #define HAVE_STDLIB_H 1
| #define HAVE_STRING_H 1
| #define HAVE_MEMORY_H 1
| #define HAVE_STRINGS_H 1
| #define HAVE_INTTYPES_H 1
| #define HAVE_STDINT_H 1
| #define HAVE_UNISTD_H 1
| #define HAVE_DLFCN_H 1
| #define LT_OBJDIR ".libs/"
| #define _LARGE_FILE_SOURCE /**/
| #define _FILE_OFFSET_BITS 64
| #define STDC_HEADERS 1
| #define HAVE_ARPA_INET_H 1
| #define HAVE_FCNTL_H 1
| #define HAVE_INTTYPES_H 1
| #define HAVE_LIMITS_H 1
| #define HAVE_NETDB_H 1
| #define HAVE_NETINET_IN_H 1
| #define HAVE_STDLIB_H 1
| #define HAVE_STRING_H 1
| #define HAVE_SYS_IOCTL_H 1
| #define HAVE_SYS_SOCKET_H 1
| #define HAVE_SYS_TIME_H 1
| #define HAVE_SYSLOG_H 1
| #define HAVE_UNISTD_H 1
| #define HAVE_SYS_TYPES_H 1
| #define HAVE_SYS_SOCKET_H 1
| /* end confdefs.h.  */
| #include <stdio.h>
| #ifdef HAVE_SYS_TYPES_H
| # include <sys/types.h>
| #endif
| #ifdef HAVE_SYS_STAT_H
| # include <sys/stat.h>
| #endif
| #ifdef STDC_HEADERS
| # include <stdlib.h>
| # include <stddef.h>
| #else
| # ifdef HAVE_STDLIB_H
| #  include <stdlib.h>
| # endif
| #endif
| #ifdef HAVE_STRING_H
| # if !defined STDC_HEADERS && defined HAVE_MEMORY_H
| #  include <memory.h>
| # endif
| # include <string.h>
| #endif
| #ifdef HAVE_STRINGS_H
| # include <strings.h>
| #endif
| #ifdef HAVE_INTTYPES_H
| # include <inttypes.h>
| #endif
| #ifdef HAVE_STDINT_H
| # include <stdint.h>
| #endif
| #ifdef HAVE_UNISTD_H
| # include <unistd.h>
| #endif
| #include <ws2tcpip.h>
configure:12822: result: no
configure:12822: checking ws2tcpip.h presence
configure:12822: gcc -E  conftest.c
conftest.c:57:22: fatal error: ws2tcpip.h: No such file or directory
 #include <ws2tcpip.h>
                      ^
compilation terminated.
configure:12822: $? = 1
configure: failed program was:
| /* confdefs.h */
| #define PACKAGE_NAME "libupnp"
| #define PACKAGE_TARNAME "libupnp"
| #define PACKAGE_VERSION "1.6.19"
| #define PACKAGE_STRING "libupnp 1.6.19"
| #define PACKAGE_BUGREPORT "mroberto@users.sourceforge.net"
| #define PACKAGE_URL ""
| #define PACKAGE "libupnp"
| #define VERSION "1.6.19"
| #define UPNP_VERSION_STRING "1.6.19"
| #define UPNP_VERSION_MAJOR 1
| #define UPNP_VERSION_MINOR 6
| #define UPNP_VERSION_PATCH 19
| #define NO_DEBUG 1
| #define NDEBUG 1
| #define UPNP_HAVE_CLIENT 1
| #define UPNP_HAVE_DEVICE 1
| #define UPNP_HAVE_WEBSERVER 1
| #define UPNP_HAVE_SSDP 1
| #define UPNP_HAVE_OPTSSDP 1
| #define UPNP_HAVE_SOAP 1
| #define UPNP_HAVE_GENA 1
| #define UPNP_HAVE_TOOLS 1
| #define UPNP_ENABLE_NOTIFICATION_REORDERING 1
| #define UPNP_ENABLE_BLOCKING_TCP_CONNECTIONS 1
| #define STDC_HEADERS 1
| #define HAVE_SYS_TYPES_H 1
| #define HAVE_SYS_STAT_H 1
| #define HAVE_STDLIB_H 1
| #define HAVE_STRING_H 1
| #define HAVE_MEMORY_H 1
| #define HAVE_STRINGS_H 1
| #define HAVE_INTTYPES_H 1
| #define HAVE_STDINT_H 1
| #define HAVE_UNISTD_H 1
| #define HAVE_DLFCN_H 1
| #define LT_OBJDIR ".libs/"
| #define _LARGE_FILE_SOURCE /**/
| #define _FILE_OFFSET_BITS 64
| #define STDC_HEADERS 1
| #define HAVE_ARPA_INET_H 1
| #define HAVE_FCNTL_H 1
| #define HAVE_INTTYPES_H 1
| #define HAVE_LIMITS_H 1
| #define HAVE_NETDB_H 1
| #define HAVE_NETINET_IN_H 1
| #define HAVE_STDLIB_H 1
| #define HAVE_STRING_H 1
| #define HAVE_SYS_IOCTL_H 1
| #define HAVE_SYS_SOCKET_H 1
| #define HAVE_SYS_TIME_H 1
| #define HAVE_SYSLOG_H 1
| #define HAVE_UNISTD_H 1
| #define HAVE_SYS_TYPES_H 1
| #define HAVE_SYS_SOCKET_H 1
| /* end confdefs.h.  */
| #include <ws2tcpip.h>
configure:12822: result: no
configure:12822: checking for ws2tcpip.h
configure:12822: result: no
configure:12832: checking for socklen_t
configure:12856: gcc -c -g -O2 -Os -Wall  conftest.c >&5
configure:12856: $? = 0
configure:12863: result: yes
configure:12879: checking for vprintf
configure:12879: gcc -o conftest -g -O2 -Os -Wall   conftest.c  >&5
conftest.c:80:6: warning: conflicting types for built-in function 'vprintf'
 char vprintf ();
      ^
configure:12879: $? = 0
configure:12879: result: yes
configure:12885: checking for _doprnt
configure:12885: gcc -o conftest -g -O2 -Os -Wall   conftest.c  >&5
/tmp/ccPmhEJt.o: In function `main':
/home/root/libupnp-1.6.19/conftest.c:92: undefined reference to `_doprnt'
collect2: error: ld returned 1 exit status
configure:12885: $? = 1
configure: failed program was:
| /* confdefs.h */
| #define PACKAGE_NAME "libupnp"
| #define PACKAGE_TARNAME "libupnp"
| #define PACKAGE_VERSION "1.6.19"
| #define PACKAGE_STRING "libupnp 1.6.19"
| #define PACKAGE_BUGREPORT "mroberto@users.sourceforge.net"
| #define PACKAGE_URL ""
| #define PACKAGE "libupnp"
| #define VERSION "1.6.19"
| #define UPNP_VERSION_STRING "1.6.19"
| #define UPNP_VERSION_MAJOR 1
| #define UPNP_VERSION_MINOR 6
| #define UPNP_VERSION_PATCH 19
| #define NO_DEBUG 1
| #define NDEBUG 1
| #define UPNP_HAVE_CLIENT 1
| #define UPNP_HAVE_DEVICE 1
| #define UPNP_HAVE_WEBSERVER 1
| #define UPNP_HAVE_SSDP 1
| #define UPNP_HAVE_OPTSSDP 1
| #define UPNP_HAVE_SOAP 1
| #define UPNP_HAVE_GENA 1
| #define UPNP_HAVE_TOOLS 1
| #define UPNP_ENABLE_NOTIFICATION_REORDERING 1
| #define UPNP_ENABLE_BLOCKING_TCP_CONNECTIONS 1
| #define STDC_HEADERS 1
| #define HAVE_SYS_TYPES_H 1
| #define HAVE_SYS_STAT_H 1
| #define HAVE_STDLIB_H 1
| #define HAVE_STRING_H 1
| #define HAVE_MEMORY_H 1
| #define HAVE_STRINGS_H 1
| #define HAVE_INTTYPES_H 1
| #define HAVE_STDINT_H 1
| #define HAVE_UNISTD_H 1
| #define HAVE_DLFCN_H 1
| #define LT_OBJDIR ".libs/"
| #define _LARGE_FILE_SOURCE /**/
| #define _FILE_OFFSET_BITS 64
| #define STDC_HEADERS 1
| #define HAVE_ARPA_INET_H 1
| #define HAVE_FCNTL_H 1
| #define HAVE_INTTYPES_H 1
| #define HAVE_LIMITS_H 1
| #define HAVE_NETDB_H 1
| #define HAVE_NETINET_IN_H 1
| #define HAVE_STDLIB_H 1
| #define HAVE_STRING_H 1
| #define HAVE_SYS_IOCTL_H 1
| #define HAVE_SYS_SOCKET_H 1
| #define HAVE_SYS_TIME_H 1
| #define HAVE_SYSLOG_H 1
| #define HAVE_UNISTD_H 1
| #define HAVE_SYS_TYPES_H 1
| #define HAVE_SYS_SOCKET_H 1
| #define HAVE_VPRINTF 1
| /* end confdefs.h.  */
| /* Define _doprnt to an innocuous variant, in case <limits.h> declares _doprnt.
|    For example, HP-UX 11i <limits.h> declares gettimeofday.  */
| #define _doprnt innocuous__doprnt
| 
| /* System header to define __stub macros and hopefully few prototypes,
|     which can conflict with char _doprnt (); below.
|     Prefer <limits.h> to <assert.h> if __STDC__ is defined, since
|     <limits.h> exists even on freestanding compilers.  */
| 
| #ifdef __STDC__
| # include <limits.h>
| #else
| # include <assert.h>
| #endif
| 
| #undef _doprnt
| 
| /* Override any GCC internal prototype to avoid an error.
|    Use char because int might match the return type of a GCC
|    builtin and then its argument prototype would still apply.  */
| #ifdef __cplusplus
| extern "C"
| #endif
| char _doprnt ();
| /* The GNU C library defines this for functions which it implements
|     to always fail with ENOSYS.  Some functions are actually named
|     something starting with __ and the normal name is an alias.  */
| #if defined __stub__doprnt || defined __stub____doprnt
| choke me
| #endif
| 
| int
| main ()
| {
| return _doprnt ();
|   ;
|   return 0;
| }
configure:12885: result: no
configure:12896: checking for _LARGEFILE_SOURCE value needed for large files
configure:12915: gcc -o conftest -g -O2 -Os -Wall   conftest.c  >&5
configure:12915: $? = 0
configure:12943: result: no
configure:12964: checking for strnlen
configure:12964: gcc -o conftest -g -O2 -Os -Wall   conftest.c  >&5
configure:12964: $? = 0
configure:12964: result: yes
configure:12971: checking for strndup
configure:12971: gcc -o conftest -g -O2 -Os -Wall   conftest.c  >&5
conftest.c:83:6: warning: conflicting types for built-in function 'strndup'
 char strndup ();
      ^
configure:12971: $? = 0
configure:12971: result: yes
configure:12980: checking for library containing bind
configure:13011: gcc -o conftest -g -O2 -Os -Wall   conftest.c  >&5
configure:13011: $? = 0
configure:13028: result: none required
configure:13036: checking for library containing gethostbyname
configure:13067: gcc -o conftest -g -O2 -Os -Wall   conftest.c  >&5
configure:13067: $? = 0
configure:13084: result: none required
configure:13092: checking for library containing sched_getparam
configure:13123: gcc -o conftest -g -O2 -Os -Wall   conftest.c  >&5
configure:13123: $? = 0
configure:13140: result: none required
configure:13319: checking for the pthreads library -lpthreads
configure:13352: gcc -o conftest -g -O2 -Os -Wall    conftest.c -lpthreads  >&5
conftest.c: In function 'main':
conftest.c:66:22: warning: null argument where non-null required (argument 1) [-Wnonnull]
                      pthread_attr_init(0); pthread_cleanup_push(0, 0);
                      ^
conftest.c:67:22: warning: null argument where non-null required (argument 1) [-Wnonnull]
                      pthread_create(0,0,0,0); pthread_cleanup_pop(0);
                      ^
conftest.c:67:22: warning: null argument where non-null required (argument 3) [-Wnonnull]
conftest.c:65:15: warning: 'th' is used uninitialized in this function [-Wuninitialized]
 pthread_t th; pthread_join(th, 0);
               ^
/usr/lib/gcc/i586-poky-linux/4.9.1/../../../../i586-poky-linux/bin/ld: cannot find -lpthreads
collect2: error: ld returned 1 exit status
configure:13352: $? = 1
configure: failed program was:
| /* confdefs.h */
| #define PACKAGE_NAME "libupnp"
| #define PACKAGE_TARNAME "libupnp"
| #define PACKAGE_VERSION "1.6.19"
| #define PACKAGE_STRING "libupnp 1.6.19"
| #define PACKAGE_BUGREPORT "mroberto@users.sourceforge.net"
| #define PACKAGE_URL ""
| #define PACKAGE "libupnp"
| #define VERSION "1.6.19"
| #define UPNP_VERSION_STRING "1.6.19"
| #define UPNP_VERSION_MAJOR 1
| #define UPNP_VERSION_MINOR 6
| #define UPNP_VERSION_PATCH 19
| #define NO_DEBUG 1
| #define NDEBUG 1
| #define UPNP_HAVE_CLIENT 1
| #define UPNP_HAVE_DEVICE 1
| #define UPNP_HAVE_WEBSERVER 1
| #define UPNP_HAVE_SSDP 1
| #define UPNP_HAVE_OPTSSDP 1
| #define UPNP_HAVE_SOAP 1
| #define UPNP_HAVE_GENA 1
| #define UPNP_HAVE_TOOLS 1
| #define UPNP_ENABLE_NOTIFICATION_REORDERING 1
| #define UPNP_ENABLE_BLOCKING_TCP_CONNECTIONS 1
| #define STDC_HEADERS 1
| #define HAVE_SYS_TYPES_H 1
| #define HAVE_SYS_STAT_H 1
| #define HAVE_STDLIB_H 1
| #define HAVE_STRING_H 1
| #define HAVE_MEMORY_H 1
| #define HAVE_STRINGS_H 1
| #define HAVE_INTTYPES_H 1
| #define HAVE_STDINT_H 1
| #define HAVE_UNISTD_H 1
| #define HAVE_DLFCN_H 1
| #define LT_OBJDIR ".libs/"
| #define _LARGE_FILE_SOURCE /**/
| #define _FILE_OFFSET_BITS 64
| #define STDC_HEADERS 1
| #define HAVE_ARPA_INET_H 1
| #define HAVE_FCNTL_H 1
| #define HAVE_INTTYPES_H 1
| #define HAVE_LIMITS_H 1
| #define HAVE_NETDB_H 1
| #define HAVE_NETINET_IN_H 1
| #define HAVE_STDLIB_H 1
| #define HAVE_STRING_H 1
| #define HAVE_SYS_IOCTL_H 1
| #define HAVE_SYS_SOCKET_H 1
| #define HAVE_SYS_TIME_H 1
| #define HAVE_SYSLOG_H 1
| #define HAVE_UNISTD_H 1
| #define HAVE_SYS_TYPES_H 1
| #define HAVE_SYS_SOCKET_H 1
| #define HAVE_VPRINTF 1
| #define HAVE_FSEEKO 1
| #define HAVE_STRNLEN 1
| #define HAVE_STRNDUP 1
| /* end confdefs.h.  */
| #include <pthread.h>
| int
| main ()
| {
| pthread_t th; pthread_join(th, 0);
|                      pthread_attr_init(0); pthread_cleanup_push(0, 0);
|                      pthread_create(0,0,0,0); pthread_cleanup_pop(0);
|   ;
|   return 0;
| }
configure:13361: result: no
configure:13264: checking whether pthreads work without any flags
configure:13352: gcc -o conftest -g -O2 -Os -Wall    conftest.c   >&5
conftest.c: In function 'main':
conftest.c:66:22: warning: null argument where non-null required (argument 1) [-Wnonnull]
                      pthread_attr_init(0); pthread_cleanup_push(0, 0);
                      ^
conftest.c:67:22: warning: null argument where non-null required (argument 1) [-Wnonnull]
                      pthread_create(0,0,0,0); pthread_cleanup_pop(0);
                      ^
conftest.c:67:22: warning: null argument where non-null required (argument 3) [-Wnonnull]
conftest.c:65:15: warning: 'th' is used uninitialized in this function [-Wuninitialized]
 pthread_t th; pthread_join(th, 0);
               ^
/tmp/ccPlKxI6.o: In function `main':
/home/root/libupnp-1.6.19/conftest.c:65: undefined reference to `pthread_join'
/home/root/libupnp-1.6.19/conftest.c:66: undefined reference to `__pthread_register_cancel'
/home/root/libupnp-1.6.19/conftest.c:67: undefined reference to `pthread_create'
/home/root/libupnp-1.6.19/conftest.c:67: undefined reference to `__pthread_unregister_cancel'
collect2: error: ld returned 1 exit status
configure:13352: $? = 1
configure: failed program was:
| /* confdefs.h */
| #define PACKAGE_NAME "libupnp"
| #define PACKAGE_TARNAME "libupnp"
| #define PACKAGE_VERSION "1.6.19"
| #define PACKAGE_STRING "libupnp 1.6.19"
| #define PACKAGE_BUGREPORT "mroberto@users.sourceforge.net"
| #define PACKAGE_URL ""
| #define PACKAGE "libupnp"
| #define VERSION "1.6.19"
| #define UPNP_VERSION_STRING "1.6.19"
| #define UPNP_VERSION_MAJOR 1
| #define UPNP_VERSION_MINOR 6
| #define UPNP_VERSION_PATCH 19
| #define NO_DEBUG 1
| #define NDEBUG 1
| #define UPNP_HAVE_CLIENT 1
| #define UPNP_HAVE_DEVICE 1
| #define UPNP_HAVE_WEBSERVER 1
| #define UPNP_HAVE_SSDP 1
| #define UPNP_HAVE_OPTSSDP 1
| #define UPNP_HAVE_SOAP 1
| #define UPNP_HAVE_GENA 1
| #define UPNP_HAVE_TOOLS 1
| #define UPNP_ENABLE_NOTIFICATION_REORDERING 1
| #define UPNP_ENABLE_BLOCKING_TCP_CONNECTIONS 1
| #define STDC_HEADERS 1
| #define HAVE_SYS_TYPES_H 1
| #define HAVE_SYS_STAT_H 1
| #define HAVE_STDLIB_H 1
| #define HAVE_STRING_H 1
| #define HAVE_MEMORY_H 1
| #define HAVE_STRINGS_H 1
| #define HAVE_INTTYPES_H 1
| #define HAVE_STDINT_H 1
| #define HAVE_UNISTD_H 1
| #define HAVE_DLFCN_H 1
| #define LT_OBJDIR ".libs/"
| #define _LARGE_FILE_SOURCE /**/
| #define _FILE_OFFSET_BITS 64
| #define STDC_HEADERS 1
| #define HAVE_ARPA_INET_H 1
| #define HAVE_FCNTL_H 1
| #define HAVE_INTTYPES_H 1
| #define HAVE_LIMITS_H 1
| #define HAVE_NETDB_H 1
| #define HAVE_NETINET_IN_H 1
| #define HAVE_STDLIB_H 1
| #define HAVE_STRING_H 1
| #define HAVE_SYS_IOCTL_H 1
| #define HAVE_SYS_SOCKET_H 1
| #define HAVE_SYS_TIME_H 1
| #define HAVE_SYSLOG_H 1
| #define HAVE_UNISTD_H 1
| #define HAVE_SYS_TYPES_H 1
| #define HAVE_SYS_SOCKET_H 1
| #define HAVE_VPRINTF 1
| #define HAVE_FSEEKO 1
| #define HAVE_STRNLEN 1
| #define HAVE_STRNDUP 1
| /* end confdefs.h.  */
| #include <pthread.h>
| int
| main ()
| {
| pthread_t th; pthread_join(th, 0);
|                      pthread_attr_init(0); pthread_cleanup_push(0, 0);
|                      pthread_create(0,0,0,0); pthread_cleanup_pop(0);
|   ;
|   return 0;
| }
configure:13361: result: no
configure:13269: checking whether pthreads work with -Kthread
configure:13352: gcc -o conftest -g -O2 -Os -Wall -Kthread   conftest.c   >&5
gcc: error: unrecognized command line option '-Kthread'
configure:13352: $? = 1
configure: failed program was:
| /* confdefs.h */
| #define PACKAGE_NAME "libupnp"
| #define PACKAGE_TARNAME "libupnp"
| #define PACKAGE_VERSION "1.6.19"
| #define PACKAGE_STRING "libupnp 1.6.19"
| #define PACKAGE_BUGREPORT "mroberto@users.sourceforge.net"
| #define PACKAGE_URL ""
| #define PACKAGE "libupnp"
| #define VERSION "1.6.19"
| #define UPNP_VERSION_STRING "1.6.19"
| #define UPNP_VERSION_MAJOR 1
| #define UPNP_VERSION_MINOR 6
| #define UPNP_VERSION_PATCH 19
| #define NO_DEBUG 1
| #define NDEBUG 1
| #define UPNP_HAVE_CLIENT 1
| #define UPNP_HAVE_DEVICE 1
| #define UPNP_HAVE_WEBSERVER 1
| #define UPNP_HAVE_SSDP 1
| #define UPNP_HAVE_OPTSSDP 1
| #define UPNP_HAVE_SOAP 1
| #define UPNP_HAVE_GENA 1
| #define UPNP_HAVE_TOOLS 1
| #define UPNP_ENABLE_NOTIFICATION_REORDERING 1
| #define UPNP_ENABLE_BLOCKING_TCP_CONNECTIONS 1
| #define STDC_HEADERS 1
| #define HAVE_SYS_TYPES_H 1
| #define HAVE_SYS_STAT_H 1
| #define HAVE_STDLIB_H 1
| #define HAVE_STRING_H 1
| #define HAVE_MEMORY_H 1
| #define HAVE_STRINGS_H 1
| #define HAVE_INTTYPES_H 1
| #define HAVE_STDINT_H 1
| #define HAVE_UNISTD_H 1
| #define HAVE_DLFCN_H 1
| #define LT_OBJDIR ".libs/"
| #define _LARGE_FILE_SOURCE /**/
| #define _FILE_OFFSET_BITS 64
| #define STDC_HEADERS 1
| #define HAVE_ARPA_INET_H 1
| #define HAVE_FCNTL_H 1
| #define HAVE_INTTYPES_H 1
| #define HAVE_LIMITS_H 1
| #define HAVE_NETDB_H 1
| #define HAVE_NETINET_IN_H 1
| #define HAVE_STDLIB_H 1
| #define HAVE_STRING_H 1
| #define HAVE_SYS_IOCTL_H 1
| #define HAVE_SYS_SOCKET_H 1
| #define HAVE_SYS_TIME_H 1
| #define HAVE_SYSLOG_H 1
| #define HAVE_UNISTD_H 1
| #define HAVE_SYS_TYPES_H 1
| #define HAVE_SYS_SOCKET_H 1
| #define HAVE_VPRINTF 1
| #define HAVE_FSEEKO 1
| #define HAVE_STRNLEN 1
| #define HAVE_STRNDUP 1
| /* end confdefs.h.  */
| #include <pthread.h>
| int
| main ()
| {
| pthread_t th; pthread_join(th, 0);
|                      pthread_attr_init(0); pthread_cleanup_push(0, 0);
|                      pthread_create(0,0,0,0); pthread_cleanup_pop(0);
|   ;
|   return 0;
| }
configure:13361: result: no
configure:13269: checking whether pthreads work with -kthread
configure:13352: gcc -o conftest -g -O2 -Os -Wall -kthread   conftest.c   >&5
gcc: error: unrecognized command line option '-kthread'
configure:13352: $? = 1
configure: failed program was:
| /* confdefs.h */
| #define PACKAGE_NAME "libupnp"
| #define PACKAGE_TARNAME "libupnp"
| #define PACKAGE_VERSION "1.6.19"
| #define PACKAGE_STRING "libupnp 1.6.19"
| #define PACKAGE_BUGREPORT "mroberto@users.sourceforge.net"
| #define PACKAGE_URL ""
| #define PACKAGE "libupnp"
| #define VERSION "1.6.19"
| #define UPNP_VERSION_STRING "1.6.19"
| #define UPNP_VERSION_MAJOR 1
| #define UPNP_VERSION_MINOR 6
| #define UPNP_VERSION_PATCH 19
| #define NO_DEBUG 1
| #define NDEBUG 1
| #define UPNP_HAVE_CLIENT 1
| #define UPNP_HAVE_DEVICE 1
| #define UPNP_HAVE_WEBSERVER 1
| #define UPNP_HAVE_SSDP 1
| #define UPNP_HAVE_OPTSSDP 1
| #define UPNP_HAVE_SOAP 1
| #define UPNP_HAVE_GENA 1
| #define UPNP_HAVE_TOOLS 1
| #define UPNP_ENABLE_NOTIFICATION_REORDERING 1
| #define UPNP_ENABLE_BLOCKING_TCP_CONNECTIONS 1
| #define STDC_HEADERS 1
| #define HAVE_SYS_TYPES_H 1
| #define HAVE_SYS_STAT_H 1
| #define HAVE_STDLIB_H 1
| #define HAVE_STRING_H 1
| #define HAVE_MEMORY_H 1
| #define HAVE_STRINGS_H 1
| #define HAVE_INTTYPES_H 1
| #define HAVE_STDINT_H 1
| #define HAVE_UNISTD_H 1
| #define HAVE_DLFCN_H 1
| #define LT_OBJDIR ".libs/"
| #define _LARGE_FILE_SOURCE /**/
| #define _FILE_OFFSET_BITS 64
| #define STDC_HEADERS 1
| #define HAVE_ARPA_INET_H 1
| #define HAVE_FCNTL_H 1
| #define HAVE_INTTYPES_H 1
| #define HAVE_LIMITS_H 1
| #define HAVE_NETDB_H 1
| #define HAVE_NETINET_IN_H 1
| #define HAVE_STDLIB_H 1
| #define HAVE_STRING_H 1
| #define HAVE_SYS_IOCTL_H 1
| #define HAVE_SYS_SOCKET_H 1
| #define HAVE_SYS_TIME_H 1
| #define HAVE_SYSLOG_H 1
| #define HAVE_UNISTD_H 1
| #define HAVE_SYS_TYPES_H 1
| #define HAVE_SYS_SOCKET_H 1
| #define HAVE_VPRINTF 1
| #define HAVE_FSEEKO 1
| #define HAVE_STRNLEN 1
| #define HAVE_STRNDUP 1
| /* end confdefs.h.  */
| #include <pthread.h>
| int
| main ()
| {
| pthread_t th; pthread_join(th, 0);
|                      pthread_attr_init(0); pthread_cleanup_push(0, 0);
|                      pthread_create(0,0,0,0); pthread_cleanup_pop(0);
|   ;
|   return 0;
| }
configure:13361: result: no
configure:13319: checking for the pthreads library -llthread
configure:13352: gcc -o conftest -g -O2 -Os -Wall    conftest.c -llthread  >&5
conftest.c: In function 'main':
conftest.c:66:22: warning: null argument where non-null required (argument 1) [-Wnonnull]
                      pthread_attr_init(0); pthread_cleanup_push(0, 0);
                      ^
conftest.c:67:22: warning: null argument where non-null required (argument 1) [-Wnonnull]
                      pthread_create(0,0,0,0); pthread_cleanup_pop(0);
                      ^
conftest.c:67:22: warning: null argument where non-null required (argument 3) [-Wnonnull]
conftest.c:65:15: warning: 'th' is used uninitialized in this function [-Wuninitialized]
 pthread_t th; pthread_join(th, 0);
               ^
/usr/lib/gcc/i586-poky-linux/4.9.1/../../../../i586-poky-linux/bin/ld: cannot find -llthread
collect2: error: ld returned 1 exit status
configure:13352: $? = 1
configure: failed program was:
| /* confdefs.h */
| #define PACKAGE_NAME "libupnp"
| #define PACKAGE_TARNAME "libupnp"
| #define PACKAGE_VERSION "1.6.19"
| #define PACKAGE_STRING "libupnp 1.6.19"
| #define PACKAGE_BUGREPORT "mroberto@users.sourceforge.net"
| #define PACKAGE_URL ""
| #define PACKAGE "libupnp"
| #define VERSION "1.6.19"
| #define UPNP_VERSION_STRING "1.6.19"
| #define UPNP_VERSION_MAJOR 1
| #define UPNP_VERSION_MINOR 6
| #define UPNP_VERSION_PATCH 19
| #define NO_DEBUG 1
| #define NDEBUG 1
| #define UPNP_HAVE_CLIENT 1
| #define UPNP_HAVE_DEVICE 1
| #define UPNP_HAVE_WEBSERVER 1
| #define UPNP_HAVE_SSDP 1
| #define UPNP_HAVE_OPTSSDP 1
| #define UPNP_HAVE_SOAP 1
| #define UPNP_HAVE_GENA 1
| #define UPNP_HAVE_TOOLS 1
| #define UPNP_ENABLE_NOTIFICATION_REORDERING 1
| #define UPNP_ENABLE_BLOCKING_TCP_CONNECTIONS 1
| #define STDC_HEADERS 1
| #define HAVE_SYS_TYPES_H 1
| #define HAVE_SYS_STAT_H 1
| #define HAVE_STDLIB_H 1
| #define HAVE_STRING_H 1
| #define HAVE_MEMORY_H 1
| #define HAVE_STRINGS_H 1
| #define HAVE_INTTYPES_H 1
| #define HAVE_STDINT_H 1
| #define HAVE_UNISTD_H 1
| #define HAVE_DLFCN_H 1
| #define LT_OBJDIR ".libs/"
| #define _LARGE_FILE_SOURCE /**/
| #define _FILE_OFFSET_BITS 64
| #define STDC_HEADERS 1
| #define HAVE_ARPA_INET_H 1
| #define HAVE_FCNTL_H 1
| #define HAVE_INTTYPES_H 1
| #define HAVE_LIMITS_H 1
| #define HAVE_NETDB_H 1
| #define HAVE_NETINET_IN_H 1
| #define HAVE_STDLIB_H 1
| #define HAVE_STRING_H 1
| #define HAVE_SYS_IOCTL_H 1
| #define HAVE_SYS_SOCKET_H 1
| #define HAVE_SYS_TIME_H 1
| #define HAVE_SYSLOG_H 1
| #define HAVE_UNISTD_H 1
| #define HAVE_SYS_TYPES_H 1
| #define HAVE_SYS_SOCKET_H 1
| #define HAVE_VPRINTF 1
| #define HAVE_FSEEKO 1
| #define HAVE_STRNLEN 1
| #define HAVE_STRNDUP 1
| /* end confdefs.h.  */
| #include <pthread.h>
| int
| main ()
| {
| pthread_t th; pthread_join(th, 0);
|                      pthread_attr_init(0); pthread_cleanup_push(0, 0);
|                      pthread_create(0,0,0,0); pthread_cleanup_pop(0);
|   ;
|   return 0;
| }
configure:13361: result: no
configure:13269: checking whether pthreads work with -pthread
configure:13352: gcc -o conftest -g -O2 -Os -Wall -pthread   conftest.c   >&5
conftest.c: In function 'main':
conftest.c:66:22: warning: null argument where non-null required (argument 1) [-Wnonnull]
                      pthread_attr_init(0); pthread_cleanup_push(0, 0);
                      ^
conftest.c:67:22: warning: null argument where non-null required (argument 1) [-Wnonnull]
                      pthread_create(0,0,0,0); pthread_cleanup_pop(0);
                      ^
conftest.c:67:22: warning: null argument where non-null required (argument 3) [-Wnonnull]
conftest.c:65:15: warning: 'th' is used uninitialized in this function [-Wuninitialized]
 pthread_t th; pthread_join(th, 0);
               ^
configure:13352: $? = 0
configure:13361: result: yes
configure:13380: checking for joinable pthread attribute
configure:13395: gcc -o conftest -g -O2 -Os -Wall -pthread   conftest.c   >&5
configure:13395: $? = 0
configure:13401: result: PTHREAD_CREATE_JOINABLE
configure:13411: checking if more special flags are required for pthreads
configure:13418: result: no
configure:13510: checking if pthread_rwlock_t is available
configure:13529: gcc -c -pthread -g -O2 -Os -Wall  conftest.c >&5
conftest.c: In function 'main':
conftest.c:66:19: warning: unused variable 'x' [-Wunused-variable]
 pthread_rwlock_t *x;
                   ^
configure:13529: $? = 0
configure:13533: result: yes, supported without any options
configure:13682: checking that generated files are newer than configure
configure:13688: result: done
configure:13779: creating ./config.status

## ---------------------- ##
## Running config.status. ##
## ---------------------- ##

This file was extended by libupnp config.status 1.6.19, which was
generated by GNU Autoconf 2.69.  Invocation command line was

  CONFIG_FILES    = 
  CONFIG_HEADERS  = 
  CONFIG_LINKS    = 
  CONFIG_COMMANDS = 
  $ ./config.status 

on edison

config.status:1164: creating Makefile
config.status:1164: creating ixml/Makefile
config.status:1164: creating ixml/doc/Makefile
config.status:1164: creating threadutil/Makefile
config.status:1164: creating upnp/Makefile
config.status:1164: creating upnp/doc/Makefile
config.status:1164: creating upnp/sample/Makefile
config.status:1164: creating docs/dist/Makefile
config.status:1164: creating libupnp.pc
config.status:1164: creating autoconfig.h
config.status:1345: autoconfig.h is unchanged
config.status:1164: creating upnp/inc/upnpconfig.h
config.status:1345: upnp/inc/upnpconfig.h is unchanged
config.status:1393: executing depfiles commands
config.status:1393: executing libtool commands

## ---------------- ##
## Cache variables. ##
## ---------------- ##

ac_cv_build=i686-pc-linux-gnu
ac_cv_c_compiler_gnu=yes
ac_cv_c_const=yes
ac_cv_cflags_gcc_option__Os=-Os
ac_cv_cflags_warn_all=-Wall
ac_cv_env_CC_set=
ac_cv_env_CC_value=
ac_cv_env_CFLAGS_set=
ac_cv_env_CFLAGS_value=
ac_cv_env_CPPFLAGS_set=
ac_cv_env_CPPFLAGS_value=
ac_cv_env_CPP_set=
ac_cv_env_CPP_value=
ac_cv_env_LDFLAGS_set=
ac_cv_env_LDFLAGS_value=
ac_cv_env_LIBS_set=
ac_cv_env_LIBS_value=
ac_cv_env_build_alias_set=
ac_cv_env_build_alias_value=
ac_cv_env_host_alias_set=
ac_cv_env_host_alias_value=
ac_cv_env_target_alias_set=
ac_cv_env_target_alias_value=
ac_cv_func__doprnt=no
ac_cv_func_strndup=yes
ac_cv_func_strnlen=yes
ac_cv_func_vprintf=yes
ac_cv_header_arpa_inet_h=yes
ac_cv_header_dlfcn_h=yes
ac_cv_header_fcntl_h=yes
ac_cv_header_inttypes_h=yes
ac_cv_header_limits_h=yes
ac_cv_header_memory_h=yes
ac_cv_header_netdb_h=yes
ac_cv_header_netinet_in_h=yes
ac_cv_header_stdc=yes
ac_cv_header_stdint_h=yes
ac_cv_header_stdlib_h=yes
ac_cv_header_string_h=yes
ac_cv_header_strings_h=yes
ac_cv_header_sys_ioctl_h=yes
ac_cv_header_sys_socket_h=yes
ac_cv_header_sys_stat_h=yes
ac_cv_header_sys_time_h=yes
ac_cv_header_sys_types_h=yes
ac_cv_header_syslog_h=yes
ac_cv_header_unistd_h=yes
ac_cv_header_ws2tcpip_h=no
ac_cv_host=i686-pc-linux-gnu
ac_cv_objext=o
ac_cv_path_EGREP='/bin/grep -E'
ac_cv_path_FGREP='/bin/grep -F'
ac_cv_path_GREP=/bin/grep
ac_cv_path_SED=/bin/sed
ac_cv_prog_AWK=gawk
ac_cv_prog_CPP='gcc -E'
ac_cv_prog_ac_ct_AR=ar
ac_cv_prog_ac_ct_CC=gcc
ac_cv_prog_ac_ct_OBJDUMP=objdump
ac_cv_prog_ac_ct_RANLIB=ranlib
ac_cv_prog_ac_ct_STRIP=strip
ac_cv_prog_cc_c89=
ac_cv_prog_cc_g=yes
ac_cv_prog_cc_gcc_c_o=yes
ac_cv_prog_make_make_set=yes
ac_cv_search_bind='none required'
ac_cv_search_gethostbyname='none required'
ac_cv_search_sched_getparam='none required'
ac_cv_socklen_t=yes
ac_cv_sys_largefile_source=no
ac_cv_type_off_t=yes
ac_cv_type_size_t=yes
ac_cv_win32=no
am_cv_CC_dependencies_compiler_type=gcc3
am_cv_ar_interface=ar
lt_cv_ar_at_file=@
lt_cv_archive_cmds_need_lc=no
lt_cv_deplibs_check_method=pass_all
lt_cv_file_magic_cmd='$MAGIC_CMD'
lt_cv_file_magic_test_file=
lt_cv_ld_reload_flag=-r
lt_cv_nm_interface='BSD nm'
lt_cv_objdir=.libs
lt_cv_path_LD=/usr/i586-poky-linux/bin/ld
lt_cv_path_NM='/usr/bin/nm -B'
lt_cv_path_mainfest_tool=no
lt_cv_prog_compiler_c_o=yes
lt_cv_prog_compiler_pic='-fPIC -DPIC'
lt_cv_prog_compiler_pic_works=yes
lt_cv_prog_compiler_rtti_exceptions=no
lt_cv_prog_compiler_static_works=no
lt_cv_prog_gnu_ld=yes
lt_cv_sharedlib_from_linklib_cmd='printf %s\n'
lt_cv_shlibpath_overrides_runpath=no
lt_cv_sys_global_symbol_pipe='sed -n -e '\''s/^.*[	 ]\([ABCDGIRSTW][ABCDGIRSTW]*\)[	 ][	 ]*\([_A-Za-z][_A-Za-z0-9]*\)$/\1 \2 \2/p'\'' | sed '\''/ __gnu_lto/d'\'''
lt_cv_sys_global_symbol_to_c_name_address='sed -n -e '\''s/^: \([^ ]*\)[ ]*$/  {\"\1\", (void *) 0},/p'\'' -e '\''s/^[ABCDGIRSTW]* \([^ ]*\) \([^ ]*\)$/  {"\2", (void *) \&\2},/p'\'''
lt_cv_sys_global_symbol_to_c_name_address_lib_prefix='sed -n -e '\''s/^: \([^ ]*\)[ ]*$/  {\"\1\", (void *) 0},/p'\'' -e '\''s/^[ABCDGIRSTW]* \([^ ]*\) \(lib[^ ]*\)$/  {"\2", (void *) \&\2},/p'\'' -e '\''s/^[ABCDGIRSTW]* \([^ ]*\) \([^ ]*\)$/  {"lib\2", (void *) \&\2},/p'\'''
lt_cv_sys_global_symbol_to_cdecl='sed -n -e '\''s/^T .* \(.*\)$/extern int \1();/p'\'' -e '\''s/^[ABCDGIRSTW]* .* \(.*\)$/extern char \1;/p'\'''
lt_cv_sys_max_cmd_len=32768
lt_cv_to_host_file_cmd=func_convert_file_noop
lt_cv_to_tool_file_cmd=func_convert_file_noop

## ----------------- ##
## Output variables. ##
## ----------------- ##

ACLOCAL='${SHELL} /home/root/libupnp-1.6.19/build-aux/missing --run aclocal-1.12'
AMDEPBACKSLASH='\'
AMDEP_FALSE='#'
AMDEP_TRUE=''
AMTAR='$${TAR-tar}'
AR='ar'
AUTOCONF='${SHELL} /home/root/libupnp-1.6.19/build-aux/missing --run autoconf'
AUTOHEADER='${SHELL} /home/root/libupnp-1.6.19/build-aux/missing --run autoheader'
AUTOMAKE='${SHELL} /home/root/libupnp-1.6.19/build-aux/missing --run automake-1.12'
AWK='gawk'
CC='gcc'
CCDEPMODE='depmode=gcc3'
CFLAGS='-pthread -g -O2 -Os -Wall'
CPP='gcc -E'
CPPFLAGS=''
CYGPATH_W='echo'
DEFS='-DHAVE_CONFIG_H'
DEPDIR='.deps'
DLLTOOL='false'
DSYMUTIL=''
DUMPBIN=''
ECHO_C=''
ECHO_N='-n'
ECHO_T=''
EGREP='/bin/grep -E'
ENABLE_BLOCKING_TCP_CONNECTIONS_FALSE='#'
ENABLE_BLOCKING_TCP_CONNECTIONS_TRUE=''
ENABLE_CLIENT_FALSE='#'
ENABLE_CLIENT_TRUE=''
ENABLE_DEBUG_FALSE=''
ENABLE_DEBUG_TRUE='#'
ENABLE_DEVICE_FALSE='#'
ENABLE_DEVICE_TRUE=''
ENABLE_GENA_FALSE='#'
ENABLE_GENA_TRUE=''
ENABLE_IPV6_FALSE=''
ENABLE_IPV6_TRUE='#'
ENABLE_NOTIFICATION_REORDERING_FALSE='#'
ENABLE_NOTIFICATION_REORDERING_TRUE=''
ENABLE_OPTSSDP_FALSE='#'
ENABLE_OPTSSDP_TRUE=''
ENABLE_SAMPLES_FALSE='#'
ENABLE_SAMPLES_TRUE=''
ENABLE_SOAP_FALSE='#'
ENABLE_SOAP_TRUE=''
ENABLE_SSDP_FALSE='#'
ENABLE_SSDP_TRUE=''
ENABLE_TOOLS_FALSE='#'
ENABLE_TOOLS_TRUE=''
ENABLE_UNSPECIFIED_SERVER_FALSE=''
ENABLE_UNSPECIFIED_SERVER_TRUE='#'
ENABLE_UUID_FALSE='#'
ENABLE_UUID_TRUE=''
ENABLE_WEBSERVER_FALSE='#'
ENABLE_WEBSERVER_TRUE=''
EXEEXT=''
FGREP='/bin/grep -F'
GREP='/bin/grep'
INSTALL_DATA='${INSTALL} -m 644'
INSTALL_PROGRAM='${INSTALL}'
INSTALL_SCRIPT='${INSTALL}'
INSTALL_STRIP_PROGRAM='$(install_sh) -c -s'
LD='/usr/i586-poky-linux/bin/ld'
LDFLAGS=''
LIBOBJS=''
LIBS=' '
LIBTOOL='$(SHELL) $(top_builddir)/libtool'
LIPO=''
LN_S='ln -s'
LTLIBOBJS=''
LT_VERSION_IXML='2:8:0'
LT_VERSION_THREADUTIL='6:4:0'
LT_VERSION_UPNP='9:3:3'
MAKEINFO='${SHELL} /home/root/libupnp-1.6.19/build-aux/missing --run makeinfo'
MANIFEST_TOOL=':'
MKDIR_P='build-aux/install-sh -c -d'
NM='/usr/bin/nm -B'
NMEDIT=''
OBJDUMP='objdump'
OBJEXT='o'
OTOOL64=''
OTOOL=''
PACKAGE='libupnp'
PACKAGE_BUGREPORT='mroberto@users.sourceforge.net'
PACKAGE_NAME='libupnp'
PACKAGE_STRING='libupnp 1.6.19'
PACKAGE_TARNAME='libupnp'
PACKAGE_URL=''
PACKAGE_VERSION='1.6.19'
PATH_SEPARATOR=':'
PTHREAD_CC='gcc'
PTHREAD_CFLAGS='-pthread'
PTHREAD_LIBS=''
RANLIB='ranlib'
SED='/bin/sed'
SET_MAKE=''
SHELL='/bin/sh'
STRIP='strip'
VERSION='1.6.19'
WITH_DOCUMENTATION_FALSE=''
WITH_DOCUMENTATION_TRUE='#'
ac_ct_AR='ar'
ac_ct_CC='gcc'
ac_ct_DUMPBIN=''
acx_pthread_config=''
am__EXEEXT_FALSE=''
am__EXEEXT_TRUE='#'
am__fastdepCC_FALSE='#'
am__fastdepCC_TRUE=''
am__include='include'
am__isrc=''
am__leading_dot='.'
am__nodep='_no'
am__quote=''
am__tar='$${TAR-tar} chof - "$$tardir"'
am__untar='$${TAR-tar} xf -'
bindir='${exec_prefix}/bin'
build='i686-pc-linux-gnu'
build_alias=''
build_cpu='i686'
build_os='linux-gnu'
build_vendor='pc'
datadir='${datarootdir}'
datarootdir='${prefix}/share'
docdir='${datarootdir}/doc/libupnp-1.6.19'
dvidir='${docdir}'
exec_prefix='${prefix}'
host='i686-pc-linux-gnu'
host_alias=''
host_cpu='i686'
host_os='linux-gnu'
host_vendor='pc'
htmldir='${docdir}'
includedir='${prefix}/include'
infodir='${datarootdir}/info'
install_sh='${SHELL} /home/root/libupnp-1.6.19/build-aux/install-sh'
libdir='${exec_prefix}/lib'
libexecdir='${exec_prefix}/libexec'
localedir='${datarootdir}/locale'
localstatedir='${prefix}/var'
mandir='${datarootdir}/man'
mkdir_p='build-aux/install-sh -c -d'
oldincludedir='/usr/include'
pdfdir='${docdir}'
prefix='/usr/local'
program_transform_name='s,x,x,'
psdir='${docdir}'
sbindir='${exec_prefix}/sbin'
sharedstatedir='${prefix}/com'
sysconfdir='${prefix}/etc'
target_alias=''

## ----------- ##
## confdefs.h. ##
## ----------- ##

/* confdefs.h */
#define PACKAGE_NAME "libupnp"
#define PACKAGE_TARNAME "libupnp"
#define PACKAGE_VERSION "1.6.19"
#define PACKAGE_STRING "libupnp 1.6.19"
#define PACKAGE_BUGREPORT "mroberto@users.sourceforge.net"
#define PACKAGE_URL ""
#define PACKAGE "libupnp"
#define VERSION "1.6.19"
#define UPNP_VERSION_STRING "1.6.19"
#define UPNP_VERSION_MAJOR 1
#define UPNP_VERSION_MINOR 6
#define UPNP_VERSION_PATCH 19
#define NO_DEBUG 1
#define NDEBUG 1
#define UPNP_HAVE_CLIENT 1
#define UPNP_HAVE_DEVICE 1
#define UPNP_HAVE_WEBSERVER 1
#define UPNP_HAVE_SSDP 1
#define UPNP_HAVE_OPTSSDP 1
#define UPNP_HAVE_SOAP 1
#define UPNP_HAVE_GENA 1
#define UPNP_HAVE_TOOLS 1
#define UPNP_ENABLE_NOTIFICATION_REORDERING 1
#define UPNP_ENABLE_BLOCKING_TCP_CONNECTIONS 1
#define STDC_HEADERS 1
#define HAVE_SYS_TYPES_H 1
#define HAVE_SYS_STAT_H 1
#define HAVE_STDLIB_H 1
#define HAVE_STRING_H 1
#define HAVE_MEMORY_H 1
#define HAVE_STRINGS_H 1
#define HAVE_INTTYPES_H 1
#define HAVE_STDINT_H 1
#define HAVE_UNISTD_H 1
#define HAVE_DLFCN_H 1
#define LT_OBJDIR ".libs/"
#define _LARGE_FILE_SOURCE /**/
#define _FILE_OFFSET_BITS 64
#define STDC_HEADERS 1
#define HAVE_ARPA_INET_H 1
#define HAVE_FCNTL_H 1
#define HAVE_INTTYPES_H 1
#define HAVE_LIMITS_H 1
#define HAVE_NETDB_H 1
#define HAVE_NETINET_IN_H 1
#define HAVE_STDLIB_H 1
#define HAVE_STRING_H 1
#define HAVE_SYS_IOCTL_H 1
#define HAVE_SYS_SOCKET_H 1
#define HAVE_SYS_TIME_H 1
#define HAVE_SYSLOG_H 1
#define HAVE_UNISTD_H 1
#define HAVE_SYS_TYPES_H 1
#define HAVE_SYS_SOCKET_H 1
#define HAVE_VPRINTF 1
#define HAVE_FSEEKO 1
#define HAVE_STRNLEN 1
#define HAVE_STRNDUP 1
#define HAVE_PTHREAD 1
#define UPNP_USE_RWLOCK 1

configure: exit 0
